Using pre-set license
Built from '2020.3/staging' branch; Version is '2020.3.22f1 (e1a7f79fd887) revision 14788599'; Using compiler version '192528614'; Build Type 'Release'
OS: 'Windows 10 Home; OS build 22621.819; Version 2009; 64bit' Language: 'en' Physical Memory: 32681 MB
BatchMode: 1, IsHumanControllingUs: 0, StartBugReporterOnCrash: 0, Is64bit: 1, IsPro: 0

COMMAND LINE ARGUMENTS:
C:\Program Files\Unity\Hub\Editor\2020.3.22f1\Editor\Unity.exe
-adb2
-batchMode
-noUpm
-name
AssetImportWorker0
-projectPath
C:/Users/adamm/Desktop/School/Repositories/GAME1304Final/GameKitLite
-logFile
Logs/AssetImportWorker0.log
-srvPort
62083
Successfully changed project path to: C:/Users/adamm/Desktop/School/Repositories/GAME1304Final/GameKitLite
C:/Users/adamm/Desktop/School/Repositories/GAME1304Final/GameKitLite
Using Asset Import Pipeline V2.
Refreshing native plugins compatible for Editor in 37.87 ms, found 2 plugins.
Preloading 0 native plugins for Editor in 0.00 ms.
Initialize engine version: 2020.3.22f1 (e1a7f79fd887)
[Subsystems] Discovering subsystems at path C:/Program Files/Unity/Hub/Editor/2020.3.22f1/Editor/Data/Resources/UnitySubsystems
[Subsystems] Discovering subsystems at path C:/Users/adamm/Desktop/School/Repositories/GAME1304Final/GameKitLite/Assets
GfxDevice: creating device client; threaded=0
Direct3D:
    Version:  Direct3D 11.0 [level 11.1]
    Renderer: NVIDIA GeForce RTX 3080 Ti (ID=0x2208)
    Vendor:   
    VRAM:     12100 MB
    Driver:   31.0.15.2698
Initialize mono
Mono path[0] = 'C:/Program Files/Unity/Hub/Editor/2020.3.22f1/Editor/Data/Managed'
Mono path[1] = 'C:/Program Files/Unity/Hub/Editor/2020.3.22f1/Editor/Data/MonoBleedingEdge/lib/mono/unityjit'
Mono config path = 'C:/Program Files/Unity/Hub/Editor/2020.3.22f1/Editor/Data/MonoBleedingEdge/etc'
Using monoOptions --debugger-agent=transport=dt_socket,embedding=1,server=y,suspend=n,address=127.0.0.1:56352
Begin MonoManager ReloadAssembly
Registering precompiled unity dll's ...
Register platform support module: C:/Program Files/Unity/Hub/Editor/2020.3.22f1/Editor/Data/PlaybackEngines/WebGLSupport/UnityEditor.WebGL.Extensions.dll
Register platform support module: C:/Program Files/Unity/Hub/Editor/2020.3.22f1/Editor/Data/PlaybackEngines/WindowsStandaloneSupport/UnityEditor.WindowsStandalone.Extensions.dll
Registered in 0.001620 seconds.
Native extension for WindowsStandalone target not found
Native extension for WebGL target not found
Refreshing native plugins compatible for Editor in 38.83 ms, found 2 plugins.
Preloading 0 native plugins for Editor in 0.00 ms.
Mono: successfully reloaded assembly
- Completed reload, in  0.889 seconds
Domain Reload Profiling:
	ReloadAssembly (889ms)
		BeginReloadAssembly (39ms)
			ExecutionOrderSort (0ms)
			DisableScriptedObjects (0ms)
			BackupInstance (0ms)
			ReleaseScriptingObjects (0ms)
			CreateAndSetChildDomain (1ms)
		EndReloadAssembly (332ms)
			LoadAssemblies (38ms)
			RebuildTransferFunctionScriptingTraits (0ms)
			SetupTypeCache (117ms)
			ReleaseScriptCaches (0ms)
			RebuildScriptCaches (18ms)
			SetupLoadedEditorAssemblies (124ms)
				LogAssemblyErrors (0ms)
				InitializePlatformSupportModulesInManaged (4ms)
				SetLoadedEditorAssemblies (0ms)
				RefreshPlugins (39ms)
				BeforeProcessingInitializeOnLoad (5ms)
				ProcessInitializeOnLoadAttributes (57ms)
				ProcessInitializeOnLoadMethodAttributes (20ms)
				AfterProcessingInitializeOnLoad (0ms)
				EditorAssembliesLoaded (0ms)
			ExecutionOrderSort2 (0ms)
			AwakeInstancesAfterBackupRestoration (0ms)
Platform modules already initialized, skipping
Registering precompiled user dll's ...
Registered in 0.004607 seconds.
Begin MonoManager ReloadAssembly
Native extension for WindowsStandalone target not found
Native extension for WebGL target not found
Refreshing native plugins compatible for Editor in 0.56 ms, found 2 plugins.
Preloading 0 native plugins for Editor in 0.00 ms.
Mono: successfully reloaded assembly
- Completed reload, in  0.717 seconds
Domain Reload Profiling:
	ReloadAssembly (718ms)
		BeginReloadAssembly (86ms)
			ExecutionOrderSort (0ms)
			DisableScriptedObjects (3ms)
			BackupInstance (0ms)
			ReleaseScriptingObjects (0ms)
			CreateAndSetChildDomain (14ms)
		EndReloadAssembly (593ms)
			LoadAssemblies (59ms)
			RebuildTransferFunctionScriptingTraits (0ms)
			SetupTypeCache (189ms)
			ReleaseScriptCaches (1ms)
			RebuildScriptCaches (38ms)
			SetupLoadedEditorAssemblies (249ms)
				LogAssemblyErrors (0ms)
				InitializePlatformSupportModulesInManaged (4ms)
				SetLoadedEditorAssemblies (0ms)
				RefreshPlugins (1ms)
				BeforeProcessingInitializeOnLoad (47ms)
				ProcessInitializeOnLoadAttributes (185ms)
				ProcessInitializeOnLoadMethodAttributes (8ms)
				AfterProcessingInitializeOnLoad (3ms)
				EditorAssembliesLoaded (0ms)
			ExecutionOrderSort2 (0ms)
			AwakeInstancesAfterBackupRestoration (4ms)
Platform modules already initialized, skipping
========================================================================
Worker process is ready to serve import requests
Launched and connected shader compiler UnityShaderCompiler.exe after 0.03 seconds
Refreshing native plugins compatible for Editor in 0.54 ms, found 2 plugins.
Preloading 0 native plugins for Editor in 0.00 ms.
Unloading 2705 Unused Serialized files (Serialized files now loaded: 0)
System memory in use before: 190.8 MB.
System memory in use after: 191.0 MB.

Unloading 28 unused Assets to reduce memory usage. Loaded Objects now: 3148.
Total: 2.557300 ms (FindLiveObjects: 0.209600 ms CreateObjectMapping: 0.072400 ms MarkObjects: 2.179400 ms  DeleteObjects: 0.094900 ms)

AssetImportParameters requested are different than current active one (requested -> active):
  custom:framework-win-MediaFoundation: 216162199b28c13a410421893ffa2e32 -> 
  custom:video-decoder-ogg-theora: a1e56fd34408186e4bbccfd4996cb3dc -> 
  custom:container-muxer-webm: aa71ff27fc2769a1b78a27578f13a17b -> 
  custom:container-demuxer-webm: 4f35f7cbe854078d1ac9338744f61a02 -> 
  custom:container-demuxer-ogg: 62fdf1f143b41e24485cea50d1cbac27 -> 
  custom:video-encoder-webm-vp8: eb34c28f22e8b96e1ab97ce403110664 -> 
  custom:video-decoder-webm-vp8: 9c59270c3fd7afecdb556c50c9e8de78 -> 
  custom:audio-decoder-ogg-vorbis: bf7c407c2cedff20999df2af8eb42d56 -> 
  custom:audio-encoder-webm-vorbis: bf7c407c2cedff20999df2af8eb42d56 -> 
========================================================================
Received Import Request.
  path: Assets/3DGamekitLite/Prefabs/Utilities
  artifactKey: Guid(e710d704b3676224794075d3aacb1e70) Importer(815301076,1909f56bfc062723c751e8b465ee728b)
Start importing Assets/3DGamekitLite/Prefabs/Utilities using Guid(e710d704b3676224794075d3aacb1e70) Importer(815301076,1909f56bfc062723c751e8b465ee728b)  -> (artifact id: '60c45782e81fed6f189ee5b6530e1dc1') in 0.007650 seconds 
  Import took 0.010672 seconds .

========================================================================
Received Import Request.
  Time since last request: 0.000109 seconds.
  path: Assets/3DGamekitLite/Prefabs/Utilities/Localizer.prefab
  artifactKey: Guid(e63c0c4fdda1e1c449b9bd88b007d93a) Importer(815301076,1909f56bfc062723c751e8b465ee728b)
Start importing Assets/3DGamekitLite/Prefabs/Utilities/Localizer.prefab using Guid(e63c0c4fdda1e1c449b9bd88b007d93a) Importer(815301076,1909f56bfc062723c751e8b465ee728b)  -> (artifact id: 'ec91ff01a0075bf3d173cc6dd5782bff') in 0.040339 seconds 
  Import took 0.043189 seconds .

========================================================================
Received Import Request.
  Time since last request: 0.000151 seconds.
  path: Assets/3DGamekitLite/Prefabs/Utilities/Checkpoint.prefab
  artifactKey: Guid(6bd94cdd1484b2841a02028ad605dfda) Importer(815301076,1909f56bfc062723c751e8b465ee728b)
Start importing Assets/3DGamekitLite/Prefabs/Utilities/Checkpoint.prefab using Guid(6bd94cdd1484b2841a02028ad605dfda) Importer(815301076,1909f56bfc062723c751e8b465ee728b)  -> (artifact id: '25657022b6b725927abe28a275f5ae29') in 0.006919 seconds 
  Import took 0.009713 seconds .

========================================================================
Received Import Request.
  Time since last request: 0.000147 seconds.
  path: Assets/3DGamekitLite/Prefabs/Utilities/CameraRig.prefab
  artifactKey: Guid(1fac0dae54de3224181696b709bb4d66) Importer(815301076,1909f56bfc062723c751e8b465ee728b)
Start importing Assets/3DGamekitLite/Prefabs/Utilities/CameraRig.prefab using Guid(1fac0dae54de3224181696b709bb4d66) Importer(815301076,1909f56bfc062723c751e8b465ee728b)  -> (artifact id: '5b6269b212925ec2145d23507df93776') in 0.043712 seconds 
  Import took 0.047771 seconds .

========================================================================
Received Prepare
Registering precompiled user dll's ...
Registered in 0.004512 seconds.
Begin MonoManager ReloadAssembly
Native extension for WindowsStandalone target not found
Native extension for WebGL target not found
Refreshing native plugins compatible for Editor in 0.62 ms, found 2 plugins.
Preloading 0 native plugins for Editor in 0.00 ms.
Mono: successfully reloaded assembly
- Completed reload, in  0.694 seconds
Domain Reload Profiling:
	ReloadAssembly (695ms)
		BeginReloadAssembly (90ms)
			ExecutionOrderSort (0ms)
			DisableScriptedObjects (4ms)
			BackupInstance (0ms)
			ReleaseScriptingObjects (0ms)
			CreateAndSetChildDomain (28ms)
		EndReloadAssembly (567ms)
			LoadAssemblies (58ms)
			RebuildTransferFunctionScriptingTraits (0ms)
			SetupTypeCache (180ms)
			ReleaseScriptCaches (1ms)
			RebuildScriptCaches (36ms)
			SetupLoadedEditorAssemblies (235ms)
				LogAssemblyErrors (0ms)
				InitializePlatformSupportModulesInManaged (4ms)
				SetLoadedEditorAssemblies (0ms)
				RefreshPlugins (1ms)
				BeforeProcessingInitializeOnLoad (48ms)
				ProcessInitializeOnLoadAttributes (171ms)
				ProcessInitializeOnLoadMethodAttributes (7ms)
				AfterProcessingInitializeOnLoad (3ms)
				EditorAssembliesLoaded (0ms)
			ExecutionOrderSort2 (0ms)
			AwakeInstancesAfterBackupRestoration (4ms)
Platform modules already initialized, skipping
Refreshing native plugins compatible for Editor in 0.58 ms, found 2 plugins.
Preloading 0 native plugins for Editor in 0.00 ms.
Unloading 2641 Unused Serialized files (Serialized files now loaded: 0)
System memory in use before: 187.4 MB.
System memory in use after: 186.8 MB.

Unloading 23 unused Assets to reduce memory usage. Loaded Objects now: 3156.
Total: 2.931100 ms (FindLiveObjects: 0.250600 ms CreateObjectMapping: 0.063000 ms MarkObjects: 2.215600 ms  DeleteObjects: 0.401200 ms)

AssetImportParameters requested are different than current active one (requested -> active):
  custom:framework-win-MediaFoundation: 216162199b28c13a410421893ffa2e32 -> 
  custom:video-decoder-ogg-theora: a1e56fd34408186e4bbccfd4996cb3dc -> 
  custom:container-muxer-webm: aa71ff27fc2769a1b78a27578f13a17b -> 
  custom:container-demuxer-webm: 4f35f7cbe854078d1ac9338744f61a02 -> 
  custom:container-demuxer-ogg: 62fdf1f143b41e24485cea50d1cbac27 -> 
  custom:video-encoder-webm-vp8: eb34c28f22e8b96e1ab97ce403110664 -> 
  custom:video-decoder-webm-vp8: 9c59270c3fd7afecdb556c50c9e8de78 -> 
  custom:audio-decoder-ogg-vorbis: bf7c407c2cedff20999df2af8eb42d56 -> 
  custom:audio-encoder-webm-vorbis: bf7c407c2cedff20999df2af8eb42d56 -> 
========================================================================
Received Import Request.
  Time since last request: 594.444133 seconds.
  path: Assets/3DGamekitLite/Packages
  artifactKey: Guid(dfac89ade9bdc8a48b04065abd75b0aa) Importer(815301076,1909f56bfc062723c751e8b465ee728b)
Start importing Assets/3DGamekitLite/Packages using Guid(dfac89ade9bdc8a48b04065abd75b0aa) Importer(815301076,1909f56bfc062723c751e8b465ee728b)  -> (artifact id: '04fffb5d44410b13f0e22f69b720a31a') in 0.016256 seconds 
  Import took 0.019716 seconds .

========================================================================
Received Import Request.
  Time since last request: 0.038838 seconds.
  path: Assets/3DGamekitLite/Packages/ProBuilder DataProBuilderPreferences.asset
  artifactKey: Guid(178cbc13c1ef74aa5b388db5127a80f2) Importer(815301076,1909f56bfc062723c751e8b465ee728b)
Start importing Assets/3DGamekitLite/Packages/ProBuilder DataProBuilderPreferences.asset using Guid(178cbc13c1ef74aa5b388db5127a80f2) Importer(815301076,1909f56bfc062723c751e8b465ee728b)  -> (artifact id: 'c2b50e20c79e39c1889a7bea46cc88a7') in 0.020946 seconds 
  Import took 0.024302 seconds .

========================================================================
Received Import Request.
  Time since last request: 42.239521 seconds.
  path: Assets/3DGamekit/Prefabs/Characters
  artifactKey: Guid(577ec845b3729fe4fa67d83491cc4147) Importer(815301076,1909f56bfc062723c751e8b465ee728b)
Start importing Assets/3DGamekit/Prefabs/Characters using Guid(577ec845b3729fe4fa67d83491cc4147) Importer(815301076,1909f56bfc062723c751e8b465ee728b)  -> (artifact id: '7d201e2f2015e945d12561f5ba933f87') in 0.013284 seconds 
  Import took 0.016973 seconds .

========================================================================
Received Import Request.
  Time since last request: 0.519928 seconds.
  path: Assets/3DGamekit/Prefabs/Characters/Enemies
  artifactKey: Guid(822597d4e9d43354085753e762771c68) Importer(815301076,1909f56bfc062723c751e8b465ee728b)
Start importing Assets/3DGamekit/Prefabs/Characters/Enemies using Guid(822597d4e9d43354085753e762771c68) Importer(815301076,1909f56bfc062723c751e8b465ee728b)  -> (artifact id: '394bf5ea4b60c0fcb6ac76ea8725281c') in 0.012836 seconds 
  Import took 0.016197 seconds .

========================================================================
Received Import Request.
  Time since last request: 0.675832 seconds.
  path: Assets/3DGamekit/Prefabs/Characters/Enemies/Grenadier
  artifactKey: Guid(4d0704ee64445714bae5408ee0ddb6d8) Importer(815301076,1909f56bfc062723c751e8b465ee728b)
Start importing Assets/3DGamekit/Prefabs/Characters/Enemies/Grenadier using Guid(4d0704ee64445714bae5408ee0ddb6d8) Importer(815301076,1909f56bfc062723c751e8b465ee728b)  -> (artifact id: '4f78fb38eae1002687b625d5c6cf65e5') in 0.004583 seconds 
  Import took 0.007998 seconds .

========================================================================
Received Import Request.
  Time since last request: 0.047901 seconds.
  path: Assets/3DGamekit/Prefabs/Characters/Enemies/Grenadier/Grenadier.prefab
  artifactKey: Guid(71a1be879433fcb46b1fb72b19e392ef) Importer(815301076,1909f56bfc062723c751e8b465ee728b)
Start importing Assets/3DGamekit/Prefabs/Characters/Enemies/Grenadier/Grenadier.prefab using Guid(71a1be879433fcb46b1fb72b19e392ef) Importer(815301076,1909f56bfc062723c751e8b465ee728b)  -> (artifact id: '419e0ba887d2ee62fc67880c6a5c3d6e') in 0.582732 seconds 
  Import took 0.591332 seconds .

========================================================================
Received Prepare
Registering precompiled user dll's ...
Registered in 0.004020 seconds.
Begin MonoManager ReloadAssembly
Native extension for WindowsStandalone target not found
Native extension for WebGL target not found
Refreshing native plugins compatible for Editor in 0.64 ms, found 2 plugins.
Preloading 0 native plugins for Editor in 0.00 ms.
Mono: successfully reloaded assembly
- Completed reload, in  0.718 seconds
Domain Reload Profiling:
	ReloadAssembly (719ms)
		BeginReloadAssembly (90ms)
			ExecutionOrderSort (0ms)
			DisableScriptedObjects (3ms)
			BackupInstance (0ms)
			ReleaseScriptingObjects (0ms)
			CreateAndSetChildDomain (30ms)
		EndReloadAssembly (588ms)
			LoadAssemblies (59ms)
			RebuildTransferFunctionScriptingTraits (0ms)
			SetupTypeCache (184ms)
			ReleaseScriptCaches (1ms)
			RebuildScriptCaches (36ms)
			SetupLoadedEditorAssemblies (251ms)
				LogAssemblyErrors (0ms)
				InitializePlatformSupportModulesInManaged (4ms)
				SetLoadedEditorAssemblies (0ms)
				RefreshPlugins (1ms)
				BeforeProcessingInitializeOnLoad (49ms)
				ProcessInitializeOnLoadAttributes (186ms)
				ProcessInitializeOnLoadMethodAttributes (7ms)
				AfterProcessingInitializeOnLoad (4ms)
				EditorAssembliesLoaded (0ms)
			ExecutionOrderSort2 (0ms)
			AwakeInstancesAfterBackupRestoration (4ms)
Platform modules already initialized, skipping
Refreshing native plugins compatible for Editor in 0.57 ms, found 2 plugins.
Preloading 0 native plugins for Editor in 0.00 ms.
Unloading 2640 Unused Serialized files (Serialized files now loaded: 0)
System memory in use before: 204.1 MB.
System memory in use after: 204.3 MB.

Unloading 21 unused Assets to reduce memory usage. Loaded Objects now: 3170.
Total: 2.727900 ms (FindLiveObjects: 0.254700 ms CreateObjectMapping: 0.093200 ms MarkObjects: 2.313500 ms  DeleteObjects: 0.065700 ms)

AssetImportParameters requested are different than current active one (requested -> active):
  custom:framework-win-MediaFoundation: 216162199b28c13a410421893ffa2e32 -> 
  custom:video-decoder-ogg-theora: a1e56fd34408186e4bbccfd4996cb3dc -> 
  custom:container-muxer-webm: aa71ff27fc2769a1b78a27578f13a17b -> 
  custom:container-demuxer-webm: 4f35f7cbe854078d1ac9338744f61a02 -> 
  custom:container-demuxer-ogg: 62fdf1f143b41e24485cea50d1cbac27 -> 
  custom:video-encoder-webm-vp8: eb34c28f22e8b96e1ab97ce403110664 -> 
  custom:video-decoder-webm-vp8: 9c59270c3fd7afecdb556c50c9e8de78 -> 
  custom:audio-decoder-ogg-vorbis: bf7c407c2cedff20999df2af8eb42d56 -> 
  custom:audio-encoder-webm-vorbis: bf7c407c2cedff20999df2af8eb42d56 -> 
AssetImportWorkerClient::OnTransportError - code=2 error=End of file
